<?xml version="1.0" encoding="UTF-8"?>
<testsuite name="GigasecondTest" tests="5" skipped="0" failures="0" errors="0" timestamp="2019-02-12T15:11:13" hostname="Andrews-MacBook-Pro.local" time="0.016">
  <properties/>
  <testcase name="withFullTimeSpecified" classname="GigasecondTest" time="0.013"/>
  <testcase name="modernTime" classname="GigasecondTest" time="0.001"/>
  <testcase name="beforeEpochTime" classname="GigasecondTest" time="0.001"/>
  <testcase name="afterEpochTime" classname="GigasecondTest" time="0.0"/>
  <testcase name="withFullTimeSpecifiedAndDayRollover" classname="GigasecondTest" time="0.0"/>
  <system-out><![CDATA[222 dateTime is: 2015-01-24T22:00
333 dateTimePlusGigasecond plus is: 2046-10-02T23:46:40
111 dateTime is: 2011-04-25T00:00
333 dateTimePlusGigasecond plus is: 2043-01-01T01:46:40
111 dateTime is: 1959-07-19T00:00
333 dateTimePlusGigasecond plus is: 1991-03-27T01:46:40
111 dateTime is: 1977-06-13T00:00
333 dateTimePlusGigasecond plus is: 2009-02-19T01:46:40
222 dateTime is: 2015-01-24T23:59:59
333 dateTimePlusGigasecond plus is: 2046-10-03T01:46:39
]]></system-out>
  <system-err><![CDATA[]]></system-err>
</testsuite>
